Build started 2/18/2015 9:32:18 PM.
     1>Project "P:\github.com\KhronosGroup\GL-Next\demos\libpng\projects\visualc71\libpng.vcxproj" on node 2 (Build target(s)).
     1>ClCompile:
         C:\Program Files (x86)\Microsoft Visual Studio 12.0\VC\bin\CL.exe /c /I..\.. /I..\..\..\zlib /ZI /nologo /W3 /WX- /Od /Oy- /D WIN32 /D _DEBUG /D DEBUG /D PNG_NO_MMX_CODE /D PNG_DEBUG=1 /D _CRT_SECURE_NO_WARNINGS /Gm- /EHsc /RTC1 /MDd /GS /fp:precise /Zc:wchar_t /Zc:forScope /Yc"png.h" /Fp".\Win32_LIB_Debug\libpng.pch" /Fo".\Win32_LIB_Debug\\" /Fd".\Win32_LIB_Debug\vc120.pdb" /Gd /TC /analyze- /errorReport:prompt ..\..\pngerror.c
         pngerror.c
         C:\Program Files (x86)\Microsoft Visual Studio 12.0\VC\bin\CL.exe /c /I..\.. /I..\..\..\zlib /ZI /nologo /W3 /WX- /Od /Oy- /D WIN32 /D _DEBUG /D DEBUG /D PNG_NO_MMX_CODE /D PNG_DEBUG=1 /D _CRT_SECURE_NO_WARNINGS /Gm- /EHsc /RTC1 /MDd /GS /fp:precise /Zc:wchar_t /Zc:forScope /Fo".\Win32_LIB_Debug\\" /Fd".\Win32_LIB_Debug\vc120.pdb" /Gd /TC /analyze- /errorReport:prompt ..\..\png.c
         png.c
         C:\Program Files (x86)\Microsoft Visual Studio 12.0\VC\bin\CL.exe /c /I..\.. /I..\..\..\zlib /ZI /nologo /W3 /WX- /Od /Oy- /D WIN32 /D _DEBUG /D DEBUG /D PNG_NO_MMX_CODE /D PNG_DEBUG=1 /D _CRT_SECURE_NO_WARNINGS /Gm- /EHsc /RTC1 /MDd /GS /fp:precise /Zc:wchar_t /Zc:forScope /Yu"png.h" /Fp".\Win32_LIB_Debug\libpng.pch" /Fo".\Win32_LIB_Debug\\" /Fd".\Win32_LIB_Debug\vc120.pdb" /Gd /TC /analyze- /errorReport:prompt ..\..\pngget.c ..\..\pngmem.c ..\..\pngpread.c ..\..\pngread.c ..\..\pngrio.c ..\..\pngrtran.c ..\..\pngrutil.c ..\..\pngset.c ..\..\pngtrans.c ..\..\pngwio.c ..\..\pngwrite.c ..\..\pngwtran.c ..\..\pngwutil.c
         pngget.c
         pngmem.c
         pngpread.c
         pngread.c
         pngrio.c
         pngrtran.c
         pngrutil.c
         pngset.c
         pngtrans.c
         pngwio.c
         pngwrite.c
         pngwtran.c
         pngwutil.c
         Generating Code...
     1>C:\Program Files (x86)\MSBuild\Microsoft.Cpp\v4.0\V120\Microsoft.CppBuild.targets(1361,5): warning MSB8012: TargetPath(P:\github.com\KhronosGroup\GL-Next\demos\libpng\projects\visualc71\.\Win32_LIB_Debug\libpng.lib) does not match the Library's OutputFile property value (P:\github.com\KhronosGroup\GL-Next\demos\libpng\projects\visualc71\Win32_LIB_Debug\libpngd.lib). This may cause your project to build incorrectly. To correct this, please make sure that $(OutDir), $(TargetName) and $(TargetExt) property values match the value specified in %(Lib.OutputFile).
     1>C:\Program Files (x86)\MSBuild\Microsoft.Cpp\v4.0\V120\Microsoft.CppBuild.targets(1363,5): warning MSB8012: TargetName(libpng) does not match the Library's OutputFile property value (libpngd). This may cause your project to build incorrectly. To correct this, please make sure that $(OutDir), $(TargetName) and $(TargetExt) property values match the value specified in %(Lib.OutputFile).
       Lib:
         C:\Program Files (x86)\Microsoft Visual Studio 12.0\VC\bin\Lib.exe /OUT:".\Win32_LIB_Debug\libpngd.lib" /NOLOGO .\Win32_LIB_Debug\png.obj
         .\Win32_LIB_Debug\pngerror.obj
         .\Win32_LIB_Debug\pngget.obj
         .\Win32_LIB_Debug\pngmem.obj
         .\Win32_LIB_Debug\pngpread.obj
         .\Win32_LIB_Debug\pngread.obj
         .\Win32_LIB_Debug\pngrio.obj
         .\Win32_LIB_Debug\pngrtran.obj
         .\Win32_LIB_Debug\pngrutil.obj
         .\Win32_LIB_Debug\pngset.obj
         .\Win32_LIB_Debug\pngtrans.obj
         .\Win32_LIB_Debug\pngwio.obj
         .\Win32_LIB_Debug\pngwrite.obj
         .\Win32_LIB_Debug\pngwtran.obj
         .\Win32_LIB_Debug\pngwutil.obj
         libpng.vcxproj -> P:\github.com\KhronosGroup\GL-Next\demos\libpng\projects\visualc71\.\Win32_LIB_Debug\libpng.lib
     1>Done Building Project "P:\github.com\KhronosGroup\GL-Next\demos\libpng\projects\visualc71\libpng.vcxproj" (Build target(s)).

Build succeeded.

Time Elapsed 00:00:00.78
