Build started 2/18/2015 9:32:17 PM.
     1>Project "P:\github.com\KhronosGroup\GL-Next\demos\libpng\projects\visualc71\zlib.vcxproj" on node 2 (Build target(s)).
     1>ClCompile:
         C:\Program Files (x86)\Microsoft Visual Studio 12.0\VC\bin\CL.exe /c /I..\..\..\zlib /ZI /nologo /W3 /WX- /Od /Oy- /D WIN32 /D _DEBUG /Gm- /EHsc /RTC1 /MDd /GS /fp:precise /Zc:wchar_t /Zc:forScope /Fo".\Win32_LIB_Debug\ZLib\\" /Fd".\Win32_LIB_Debug\ZLib\vc120.pdb" /Gd /TC /analyze- /errorReport:prompt ..\..\..\zlib\adler32.c ..\..\..\zlib\compress.c ..\..\..\zlib\crc32.c ..\..\..\zlib\deflate.c ..\..\..\zlib\gzio.c ..\..\..\zlib\infback.c ..\..\..\zlib\inffast.c ..\..\..\zlib\inflate.c ..\..\..\zlib\inftrees.c ..\..\..\zlib\trees.c ..\..\..\zlib\uncompr.c ..\..\..\zlib\zutil.c
         adler32.c
         compress.c
         crc32.c
         deflate.c
         gzio.c
     1>p:\github.com\khronosgroup\gl-next\demos\zlib\gzio.c(131): warning C4996: 'strcpy': This function or variable may be unsafe. Consider using strcpy_s instead. To disable deprecation, use _CRT_SECURE_NO_WARNINGS. See online help for details.
                 c:\program files (x86)\microsoft visual studio 12.0\vc\include\string.h(112) : see declaration of 'strcpy'
     1>p:\github.com\khronosgroup\gl-next\demos\zlib\gzio.c(181): warning C4996: 'fopen': This function or variable may be unsafe. Consider using fopen_s instead. To disable deprecation, use _CRT_SECURE_NO_WARNINGS. See online help for details.
                 c:\program files (x86)\microsoft visual studio 12.0\vc\include\stdio.h(211) : see declaration of 'fopen'
     1>p:\github.com\khronosgroup\gl-next\demos\zlib\gzio.c(226): warning C4996: 'sprintf': This function or variable may be unsafe. Consider using sprintf_s instead. To disable deprecation, use _CRT_SECURE_NO_WARNINGS. See online help for details.
                 c:\program files (x86)\microsoft visual studio 12.0\vc\include\stdio.h(356) : see declaration of 'sprintf'
     1>p:\github.com\khronosgroup\gl-next\demos\zlib\gzio.c(627): warning C4996: '_vsnprintf': This function or variable may be unsafe. Consider using _vsnprintf_s instead. To disable deprecation, use _CRT_SECURE_NO_WARNINGS. See online help for details.
                 c:\program files (x86)\microsoft visual studio 12.0\vc\include\stdio.h(346) : see declaration of '_vsnprintf'
     1>p:\github.com\khronosgroup\gl-next\demos\zlib\gzio.c(1001): warning C4996: 'strerror': This function or variable may be unsafe. Consider using strerror_s instead. To disable deprecation, use _CRT_SECURE_NO_WARNINGS. See online help for details.
                 c:\program files (x86)\microsoft visual studio 12.0\vc\include\string.h(168) : see declaration of 'strerror'
     1>p:\github.com\khronosgroup\gl-next\demos\zlib\gzio.c(1008): warning C4996: 'strcpy': This function or variable may be unsafe. Consider using strcpy_s instead. To disable deprecation, use _CRT_SECURE_NO_WARNINGS. See online help for details.
                 c:\program files (x86)\microsoft visual studio 12.0\vc\include\string.h(112) : see declaration of 'strcpy'
     1>p:\github.com\khronosgroup\gl-next\demos\zlib\gzio.c(1009): warning C4996: 'strcat': This function or variable may be unsafe. Consider using strcat_s instead. To disable deprecation, use _CRT_SECURE_NO_WARNINGS. See online help for details.
                 c:\program files (x86)\microsoft visual studio 12.0\vc\include\string.h(118) : see declaration of 'strcat'
     1>p:\github.com\khronosgroup\gl-next\demos\zlib\gzio.c(1010): warning C4996: 'strcat': This function or variable may be unsafe. Consider using strcat_s instead. To disable deprecation, use _CRT_SECURE_NO_WARNINGS. See online help for details.
                 c:\program files (x86)\microsoft visual studio 12.0\vc\include\string.h(118) : see declaration of 'strcat'
         infback.c
         inffast.c
         inflate.c
         inftrees.c
         trees.c
         uncompr.c
         zutil.c
         Generating Code...
     1>C:\Program Files (x86)\MSBuild\Microsoft.Cpp\v4.0\V120\Microsoft.CppBuild.targets(1361,5): warning MSB8012: TargetPath(P:\github.com\KhronosGroup\GL-Next\demos\libpng\projects\visualc71\.\Win32_LIB_Debug\ZLib\zlib.lib) does not match the Library's OutputFile property value (P:\github.com\KhronosGroup\GL-Next\demos\libpng\projects\visualc71\Win32_LIB_Debug\ZLib\zlibd.lib). This may cause your project to build incorrectly. To correct this, please make sure that $(OutDir), $(TargetName) and $(TargetExt) property values match the value specified in %(Lib.OutputFile).
     1>C:\Program Files (x86)\MSBuild\Microsoft.Cpp\v4.0\V120\Microsoft.CppBuild.targets(1363,5): warning MSB8012: TargetName(zlib) does not match the Library's OutputFile property value (zlibd). This may cause your project to build incorrectly. To correct this, please make sure that $(OutDir), $(TargetName) and $(TargetExt) property values match the value specified in %(Lib.OutputFile).
       Lib:
         C:\Program Files (x86)\Microsoft Visual Studio 12.0\VC\bin\Lib.exe /OUT:".\Win32_LIB_Debug\ZLib\zlibd.lib" /NOLOGO .\Win32_LIB_Debug\ZLib\adler32.obj
         .\Win32_LIB_Debug\ZLib\compress.obj
         .\Win32_LIB_Debug\ZLib\crc32.obj
         .\Win32_LIB_Debug\ZLib\deflate.obj
         .\Win32_LIB_Debug\ZLib\gzio.obj
         .\Win32_LIB_Debug\ZLib\infback.obj
         .\Win32_LIB_Debug\ZLib\inffast.obj
         .\Win32_LIB_Debug\ZLib\inflate.obj
         .\Win32_LIB_Debug\ZLib\inftrees.obj
         .\Win32_LIB_Debug\ZLib\trees.obj
         .\Win32_LIB_Debug\ZLib\uncompr.obj
         .\Win32_LIB_Debug\ZLib\zutil.obj
         zlib.vcxproj -> P:\github.com\KhronosGroup\GL-Next\demos\libpng\projects\visualc71\.\Win32_LIB_Debug\ZLib\zlib.lib
     1>Done Building Project "P:\github.com\KhronosGroup\GL-Next\demos\libpng\projects\visualc71\zlib.vcxproj" (Build target(s)).

Build succeeded.

Time Elapsed 00:00:00.61
